<?xml version="1.0" encoding="UTF-8" ?>
<testsuite failures="0" time="0.19" errors="0" skipped="0" tests="6" name="fr.xebia.training.tdd.gameoflife.GameOfLifeITest">
  <properties>
    <property name="java.runtime.name" value="Java(TM) SE Runtime Environment"/>
    <property name="sun.boot.library.path" value="/home/hamza/bin/jdk1.6.0_21/jre/lib/amd64"/>
    <property name="java.vm.version" value="17.0-b16"/>
    <property name="java.vm.vendor" value="Sun Microsystems Inc."/>
    <property name="java.vendor.url" value="http://java.sun.com/"/>
    <property name="path.separator" value=":"/>
    <property name="java.vm.name" value="Java HotSpot(TM) 64-Bit Server VM"/>
    <property name="file.encoding.pkg" value="sun.io"/>
    <property name="user.country" value="US"/>
    <property name="sun.java.launcher" value="SUN_STANDARD"/>
    <property name="sun.os.patch.level" value="unknown"/>
    <property name="java.vm.specification.name" value="Java Virtual Machine Specification"/>
    <property name="user.dir" value="/home/hamza/projects/xkejbehave/gameoflife"/>
    <property name="java.runtime.version" value="1.6.0_21-b06"/>
    <property name="java.awt.graphicsenv" value="sun.awt.X11GraphicsEnvironment"/>
    <property name="basedir" value="/home/hamza/projects/xkejbehave/gameoflife"/>
    <property name="java.endorsed.dirs" value="/home/hamza/bin/jdk1.6.0_21/jre/lib/endorsed"/>
    <property name="os.arch" value="amd64"/>
    <property name="surefire.real.class.path" value="/tmp/surefirebooter5640871545266483079.jar"/>
    <property name="java.io.tmpdir" value="/tmp"/>
    <property name="line.separator" value="
"/>
    <property name="java.vm.specification.vendor" value="Sun Microsystems Inc."/>
    <property name="os.name" value="Linux"/>
    <property name="sun.jnu.encoding" value="UTF-8"/>
    <property name="java.library.path" value="/home/hamza/bin/jdk1.6.0_21/jre/lib/amd64/server:/home/hamza/bin/jdk1.6.0_21/jre/lib/amd64:/home/hamza/bin/jdk1.6.0_21/jre/../lib/amd64:/usr/java/packages/lib/amd64:/usr/lib64:/lib64:/lib:/usr/lib"/>
    <property name="surefire.test.class.path" value="/home/hamza/projects/xkejbehave/gameoflife/target/test-classes:/home/hamza/projects/xkejbehave/gameoflife/target/classes:/home/hamza/.m2/repository/junit/junit/4.8.2/junit-4.8.2.jar:/home/hamza/.m2/repository/org/mockito/mockito-all/1.8.5/mockito-all-1.8.5.jar:/home/hamza/.m2/repository/org/jbehave/jbehave-core/3.0-rc3/jbehave-core-3.0-rc3.jar:/home/hamza/.m2/repository/commons-collections/commons-collections/3.2.1/commons-collections-3.2.1.jar:/home/hamza/.m2/repository/commons-io/commons-io/1.4/commons-io-1.4.jar:/home/hamza/.m2/repository/commons-lang/commons-lang/2.5/commons-lang-2.5.jar:/home/hamza/.m2/repository/org/codehaus/plexus/plexus-utils/2.0.5/plexus-utils-2.0.5.jar:/home/hamza/.m2/repository/org/freemarker/freemarker/2.3.16/freemarker-2.3.16.jar:/home/hamza/.m2/repository/junit/junit-dep/4.5/junit-dep-4.5.jar:/home/hamza/.m2/repository/org/hamcrest/hamcrest-all/1.1/hamcrest-all-1.1.jar:"/>
    <property name="java.specification.name" value="Java Platform API Specification"/>
    <property name="java.class.version" value="50.0"/>
    <property name="sun.management.compiler" value="HotSpot 64-Bit Server Compiler"/>
    <property name="os.version" value="2.6.35-23-generic"/>
    <property name="user.home" value="/home/hamza"/>
    <property name="user.timezone" value=""/>
    <property name="java.awt.printerjob" value="sun.print.PSPrinterJob"/>
    <property name="file.encoding" value="UTF-8"/>
    <property name="java.specification.version" value="1.6"/>
    <property name="user.name" value="hamza"/>
    <property name="java.class.path" value="/home/hamza/projects/xkejbehave/gameoflife/target/test-classes:/home/hamza/projects/xkejbehave/gameoflife/target/classes:/home/hamza/.m2/repository/junit/junit/4.8.2/junit-4.8.2.jar:/home/hamza/.m2/repository/org/mockito/mockito-all/1.8.5/mockito-all-1.8.5.jar:/home/hamza/.m2/repository/org/jbehave/jbehave-core/3.0-rc3/jbehave-core-3.0-rc3.jar:/home/hamza/.m2/repository/commons-collections/commons-collections/3.2.1/commons-collections-3.2.1.jar:/home/hamza/.m2/repository/commons-io/commons-io/1.4/commons-io-1.4.jar:/home/hamza/.m2/repository/commons-lang/commons-lang/2.5/commons-lang-2.5.jar:/home/hamza/.m2/repository/org/codehaus/plexus/plexus-utils/2.0.5/plexus-utils-2.0.5.jar:/home/hamza/.m2/repository/org/freemarker/freemarker/2.3.16/freemarker-2.3.16.jar:/home/hamza/.m2/repository/junit/junit-dep/4.5/junit-dep-4.5.jar:/home/hamza/.m2/repository/org/hamcrest/hamcrest-all/1.1/hamcrest-all-1.1.jar:"/>
    <property name="java.vm.specification.version" value="1.0"/>
    <property name="sun.arch.data.model" value="64"/>
    <property name="java.home" value="/home/hamza/bin/jdk1.6.0_21/jre"/>
    <property name="java.specification.vendor" value="Sun Microsystems Inc."/>
    <property name="user.language" value="en"/>
    <property name="java.vm.info" value="mixed mode"/>
    <property name="java.version" value="1.6.0_21"/>
    <property name="java.ext.dirs" value="/home/hamza/bin/jdk1.6.0_21/jre/lib/ext:/usr/java/packages/lib/ext"/>
    <property name="sun.boot.class.path" value="/home/hamza/bin/jdk1.6.0_21/jre/lib/resources.jar:/home/hamza/bin/jdk1.6.0_21/jre/lib/rt.jar:/home/hamza/bin/jdk1.6.0_21/jre/lib/sunrsasign.jar:/home/hamza/bin/jdk1.6.0_21/jre/lib/jsse.jar:/home/hamza/bin/jdk1.6.0_21/jre/lib/jce.jar:/home/hamza/bin/jdk1.6.0_21/jre/lib/charsets.jar:/home/hamza/bin/jdk1.6.0_21/jre/classes"/>
    <property name="java.vendor" value="Sun Microsystems Inc."/>
    <property name="localRepository" value="/home/hamza/.m2/repository"/>
    <property name="file.separator" value="/"/>
    <property name="java.vendor.url.bug" value="http://java.sun.com/cgi-bin/bugreport.cgi"/>
    <property name="sun.cpu.endian" value="little"/>
    <property name="sun.io.unicode.encoding" value="UnicodeLittle"/>
    <property name="sun.desktop" value="gnome"/>
    <property name="sun.cpu.isalist" value=""/>
  </properties>
  <testcase time="0.009" classname="fr.xebia.training.tdd.gameoflife.GameOfLifeITest" name="dead_after_one_round_game"/>
  <testcase time="0.001" classname="fr.xebia.training.tdd.gameoflife.GameOfLifeITest" name="simple_game"/>
  <testcase time="0" classname="fr.xebia.training.tdd.gameoflife.GameOfLifeITest" name="still_game"/>
  <testcase time="0.001" classname="fr.xebia.training.tdd.gameoflife.GameOfLifeITest" name="another_still_game"/>
  <testcase time="0.001" classname="fr.xebia.training.tdd.gameoflife.GameOfLifeITest" name="oscillator_game"/>
  <testcase time="0.001" classname="fr.xebia.training.tdd.gameoflife.GameOfLifeITest" name="another_oscillator_game"/>
</testsuite>